*** Life<Cell> 28x21 ***

Generation = 0, Population = 73.
-------0-0--00--0----
---------------------
---------------0-----
---------000---------
0----0---------------
--------------00---00
---0--------------0--
------------------0-0
----0---0------------
--0--------0------0--
---------------------
---0-------0--------0
-------0-------------
0----------0-0-------
---0---00--0-----0---
-----------00------0-
--0------------0-0--0
--00-----0-------0--0
-0-------------------
----00--0------0-00-0
---------------------
-0----------0--------
----------------00---
-0------0--0---------
-----0----0-0--------
---0------0-0--------
-----0-0---------0---
-0-------------------

Generation = 1, Population = 212.
------0---001100-0---
-------0-0--00-00----
---------000--0-0----
0----0--01-10--0-----
-0--0-0--000--00---00
0--0-0-------0110--11
--0-0---------00-01--
---00---0--------01--
--00-0-0-0-0--------0
-0-00---0-0-0----0-0-
--00--------------0-0
--0-0--0--0-0------0-
0--0--0-0----0------0
-0-0----0-01--0--0---
0-0-0-01100--0--0-00-
--00---00-0-10-0--0--
-01------0-00-0--10-1
---10---0-0----001001
0--000--00-----0--0--
-0-01100-0----0--11--
-0--00--0---0--0-00-0
0-0--------0-0--00---
--------0--00--0110--
0-0--0-0-0------00---
-0-00-0-001010-------
--0-0--0-01-10---0---
-0-00---0-0-0---0-0--
0-0--0-0---------0---

Generation = 2, Population = 187.
-----0----1-**--0-0--
---------100---------
0----0-0-1--0---10---
-------01*-*1001---00
0-0----0-------1--0--
---------00001--1----
00--1---0-------0---0
--0--------0--000--00
--11------0-------0--
0--11----0-0-0--0-0-0
----0--00------------
001--0---0----------0
---1-0-010-0-----0---
0-01-----0-*00-0---00
-01---1*--1--1---0-10
0-11------10--0-----0
01-00--00--1-0-0--10*
00-----01---0----*---
--01-----------1-0--0
-1-----1-10-00-00-*00
-1--------------01---
-0-000----01--00-10-0
-----0----0-1-01--10-
-0----0--1---0-------
---1-0--1-*-*-0-0----
-0---0----*0*-0------
---1---0-01-1--0---0-
-0--------0-0--------

Generation = 3, Population = 280.
----0-0---*0*.00---0-
0------00-1100---00--
-0--0--10--01-0-*1000
--0--001-*-**----0-11
---0--01--0----*-0--0
-00-0--0-1---*1-*00-1
11-0-0-0--0-000--0--1
0-1-0---0---001--0-1-
00---------0-000-01--
-0---0-0--0---00--1--
-00-1-0110-0-0--0-0--
1-*--10-0100-----0-0-
-00*-1-1-1-1-0-00-00-
-0--000--10*----0-0--
01*0-0*.1-*0-*-00---1
1-----0-00--10---000-
1-1-100--0-*0-0-0-*-*
----0-0--0------0*-0-
001*0---000--00*01--1
0*-0--0--*1-11----*--
0-0000-0-0-00000--00-
01-1--0--0-*-0--0--0-
---0-1----10-0--1--1-
0-00-0-0--0-0-000-00-
--0--1-0-0*0*01--0---
0-0-01000-.-*-1-0--0-
--0-000--1*0-0--0-0-0
0-00---0--1-10-0---0-

Generation = 4, Population = 204.
0--0----00*1..1100--0
-------------100---00
---0---*---1*0--*-11-
-----11*1*0.*001--0-*
-00----*00--00-*0----
--1-------0--.-1.-1--
-------1------10----*
---0-----00---*-0-1--
----00-00---0--------
------01---0-0-----0-
-------**--1-----01--
--.--------10--00--10
--1*0---1------1-0--0
--011-----1.0--0--1-0
-**10-..*-.-0*-1-----
---100-----0---001110
*-----10---*-0--1-.-*
-0---010---000--1.0-1
-1-.-0-01--0---*1----
1.--1----.-0-*0-0-*-0
--1--1----0-1--1-1--0
-*0--0--010.0---11--0
-0---*-0----11---1--0
-------10---1----01-0
-0----0-11*-.-*-0----
------1110.0.-*-1----
-0-1-1-0-**1-1--1----
---1-0--0-*0*--------

Generation = 5, Population = 272.
-00-0--01-**.*-*-10-1
0------0011---1-00---
--0-00-*-1-*.100*---0
-0000*-.*.1..---0011.
01-0-0-.1-00--0.10--0
--*0----0--00*--.0-11
--00--0-00---0-----0.
--1--0---11000*0---10
----110-1-0---0-0-10-
----1-1*0-010-0--0--0
-------**00--0-0-1*00
--.00--0--0-100-10-*-
-0-.-1-1-101--0-0----
--1-*0---1-*1-0-0---1
0*.-1-...0.--*---0-1-
10--11-00-11--0-1----
.--010--0-0*010---.-*
-10-0-*1--01--0--.--*
-*1.-10-*00----.*1---
-*00-1-10.-11*1-11.-1
0-*0-*0-0-10*----*-0-
0*-10-0-1--.----**00-
01--0.-10010**0----1-
-----0----00*-0---*-1
0-0--11-***-.0.-1-0-0
---0---**1.1*-*--0---
0--*-*01-..*1--0*0---
-00*-10--0.1*---0----

*** Life<Cell> 15x54 ***

Generation = 0, Population = 85.
-------0--------------0-0-0--0-------------0----0-----
------0-------0----------0------------------------0---
--0--0--0----------------------0----0-------0-0-0-----
0--------0-----0-------------------------------------0
----0-00----0-----------------0----------------0------
-----0-----------0------0----0-------------0----------
--0---0--------0------------0--------------------0----
---------------------0-------0-----------------0------
--0-------0--------------0---------0--0--0------------
---------------00-----0--0--------0---00-----00-------
----------------------0---------------00--------------
--------------------0-----0-0-----0-------------------
-----0--------------------0--------0--0-----------0---
-----0------------0-0-0--0----0---------------0-------
-0-----------0-00----00-0--------------0----------0---

Generation = 1, Population = 228.
--------0-----0------0---0-00-0-----------0-0--0-00---
--0-----0----0-0------0------0-0----0------00-0--0-0--
00-00--0------00---------0----0-0--0-0-----0-----00--0
-00-0000--0-0-0-0-------------00----0-------0-000---0-
0--0-01100-0-0-0-0------0------0-----------0--0-0----0
--0---00----0--00-0----0-0----------------0-0--0-0----
-0-0---0------0-00---0--0--0-0-------------0---00-0---
------0---0----0----0-0--0----0----0--0--0----0-00----
-0-0-----0-0---00----00-010--0------001-0-0--000------
--0-------0---0110---010010------0---01-00--0110------
---------------00---0010-00-0--------0--0----00-------
-----0-------------0-00--01--0---0-----0----------0---
----010-----------0---0---100-0-----00-0------0--0-0--
-0--010------0-000---010-----0-0---0--00-----0-0------
0-0--0------0--1100--1--------0-------0-0-----0--0-0--

Generation = 2, Population = 232.
--0----010----------0---0--110------0----0-010----1---
0---0---10--0--10------0---0--------------------0---00
1--1---1--0-0---------0-0-0---1--00---0---010--0--1---
0-1--111---0-01---------00---0-------------0------00-0
--0-0----10---01---------------10---0-------001-1-----
0--0---1-0---------0-00---00-0-0---------0---0-1-----0
0-0-0-010-0-00---1-------00--------0--0--0---------0--
-----0---------100-0--1001-0-0-0--0---10---0--1--1----
0-0-0-0-0---0--1------10---00----0--11*-1--0-----0----
-------------01--10--1-11-1000--0-0--1--11-01---0-----
--0--0----0---------1---011---------01--1---------0---
-----1---------00---0-1-0-*-0---0-0-0-01-----0--------
-0-0---0-----0-00----0------1----0--110-0-------0-0-0-
---0---0--------1-0-0-*10-00----0-0---------0---0-----
-0-0-1-----0--0-*1100*-0-----------0-010-0------0---0-

Generation = 3, Population = 407.
00-00-01*-0-0--00--0-0---00--10----0-0--0--1-10-00-000
100--0-0---0100*10--0---0--1-00--00-0-0--00--0---0-011
-0---0-*---01-000----0-010-----00110-0-0-01*100--0*-0-
1-*--*--000-01--------00-1--0--0000-0-0----1000000-1--
-010--1-0-1----*0--0-00-0000--0-10-0-0---0--11*0-000--
100-0--*010-0000-00--110---1---1---00-0-010--10----00-
1--0-01*10--1100-*0--0-0---0--------001-0100-000-00-00
----0-00--0--00-----00-1--010---0---0-*1-00100-00*00--
-----0---0-0---*--00---101-1-0-0--00**.0*-0---0--10---
0---000-0-0--1*-1*10--1--1-11100-0-00--0**--*1-0--0---
-0-0010--0-0-0000000*-1-1-*--0-----0----*--000--00-0--
-0000*00--0--00--0-010--10*-10-0-0-----*0---0-0-0---0-
0--101010---0---100-0-00----*0--0-00---0-0--00-01----0
--0-01010--0-00--0101-.*1-11---0-0--0--000-0-0-0-00---
0--1--00--0-00--*-*-1*01--00----0----1-1--0-0--010-0-0

Generation = 4, Population = 240.
--01101**--01-----0-0-0--11-1--0-0--0--0------1-1---1-
--1--10-------1.-10--0--10-----------------0--0---0---
110-0--*-0--*--1------0-*-0000--1--1------*.*----1.-1-
--.-0*-----0-*-----0-0-------0-----------------1-1-*--
0--1---1---0---*1-----1-11---0----01--0--1----.-1--1--
-1----0.-*---1110---0**--0--0----00---1------*11--0---
*----1*.*-00-----*-0--0-0------00---1-*0----011-0----1
0--------0-----1-0--1-----1-1----00---.----*-----.-1-0
0---0100----0-0*-----0----0--101--11...1.-1--0-0--1---
-----------00-.--.-1-1*-1*1-------01--1-..--.-1--01---
-10---1------1--1-1-.0*-*-.-0-----01---0.-01-----10---
-----.----------0----11---*--1--0-----0*-------0------
--0------00--0-0*----01-00--.-00--11--0--10---0---0---
-0---*---0----101---*-..*----00-------01--0--1----1---
-0-------0-01--1.1*0-*---0--0----------*---0--0---0---

Generation = 5, Population = 382.
-0---1**.001*00---1--0-0--*--10---00-00-0--1-1*--010-0
1---0--010-0-0-.1*-0--00--01-0-000-00--0-----0100--0--
*---10-.--0-*---0000-0--*01---10-11-0----0.*.0000*.--0
-0*--*1--0010.1-0-0---0--100--0-0-0---0--00-0-0-0*-*--
--1--0--01110--.-0-000*-*-0--10----*00100-0--1.0---*0-
1-00--1.-*--0*-*----1.*00101---1-1--00---1---.**00---0
*---0****-11110--*--0-1---0---0110-0--*10---1*-0-0000*
-0--0--0---00--*-10---1-01*---0--1--0-*----*--100.---1
10-01--100--1-1*00-0-1--0--1-*-*0-*-...-.0--0-0-0-*--0
000-00-0--01--*11.---*.--.-11100-01*01-0..-0.---0-*0--
0*10-1-0---0--00*---.1.-*-*0----00--0-01.01*0-000--0--
-0---.0--00------00-1**0--.0-----0---0-*00-0----00----
---1-1--0-100-0-.0-------1--.0-1-0**11-00*-0-----010--
01--0.0-0--00-*---1-*0***0---1----00-0--0-1-0-0--0-0--
010--1--01-1*0-*.**11.0---00--0--------*0---0--0-010--

*** Life<Cell> 30x19 ***

Generation = 0, Population = 23.
-------------------
---0---------------
0------------------
-------------------
-------0----0------
-------------------
-------------------
----0--------------
-------------------
-------------------
-------------------
-------------------
----------0--------
---------------0---
--0----------------
-----0-------------
----0--------------
-------------------
-------------------
------------0------
--00-------------0-
------------0------
--------0----------
0------------------
-------------------
------0----0------0
-------0-----------
-------------------
-------------------
----------------0-0

Generation = 1, Population = 74.
---0---------------
0-0-0--------------
-0-0---------------
0------0----0------
------0-0--0-0-----
-------0----0------
----0--------------
---0-0-------------
----0--------------
-------------------
-------------------
----------0--------
---------0-0---0---
--0-------0---0-0--
-0-0-0---------0---
--0---0------------
---0---------------
----0--------------
------------0------
--00-------0-0---0-
-0110-----------0-0
--00----0--0-0---0-
0------0-0--0------
-0------0----------
0-----0----0------0
-----0----0-0----0-
--------0--0------0
-------0-----------
----------------0-0
---------------0---

Generation = 2, Population = 80.
0------------------
-0---0-------------
0-0----0----0------
---0---------------
0----0---00---0----
----0--------------
-------0----0------
--0---0------------
-------------------
----0--------------
----------0--------
---------------0---
--0-----0---0------
-----0-------0---0-
0---------0--------
---0---0-------0---
------0------------
-----0------0------
--000------------0-
----------0-0-0----
01--10--0------0---
0---------0-0-0----
--00--0---0------0-
0-0---0----00-----0
-------00----------
0---0---00---0--0-0
-----0---0---------
------0----0----0--
-------0-----------
--------------0---0

Generation = 3, Population = 186.
-----0-------------
0---0-00----0------
-0---00-0--0-0-----
----00-0-00-0-0----
-0-0--0-0110-0-0---
0--0---0-00-0-0----
--0-0---0--0-0-----
-0-0-0------0------
--0-0-0------------
---0-0----0--------
----0----0-0---0---
--0-----0-0-0-0-0--
-0-0-0-0-0-0---0-0-
0-0-0-0-0-0---0-0-0
-0-0-0-0-0-0-0-0-0-
0-0-0---0-0---0-0--
---0--------0--0---
--00-------0-0---0-
-01-1-----0---0-0-0
0000-0--00-------0-
-*11*100-0----0-0--
1-00000-001------0-
-0-10010-01---0-0--
--1--01-0--110-----
--0-0--1---000--0--
-0-0------0-0-00---
0--------100-0----0
---------00-0--0-0-
--------0--0--0-0-0
-------0-----0-0-0-

Generation = 4, Population = 83.
0------0----0------
---0---1-----------
--0-0--------------
----1--------------
---1----1--1----0--
---1---------------
0------------------
0-------0----------
-------0--0-0------
---------------0---
--0----------------
----00-------------
----0-0-------0----
-----------0-------
0-----0------------
-0-------0--0------
0-01----0-0------0-
------------0--0---
--*-----0----------
1----1--1-------0--
0.--.-11-----0---0-
------1-1--0----0-0
----1--1----0------
--*-0-------*------
--10-------------0-
--0----0--1-1-11--0
---0----0--1-------
0---------------0-0
-------------------
------0----00-0-0--

Generation = 5, Population = 199.
-0-0--010--0-0-----
0-----0*0---0------
-0-010-0-----------
--0-*0--0--0----0--
--0*---0-11-0--0-0-
0-0*0---0--0----0--
10-0----0----------
10-------00-0------
0-----0--0---0-0---
--0----0--0-0-0-0--
-0-000---------0---
--00-1--------0----
---010-0---0-0-0---
0---0-----0-0-0----
-----0-0-0-00------
0--0--0----0-0---0-
-01*0--0-0-0---00-0
0--0------00-00-00-
00.0-0-010--0--00--
*00-0---*0---0-0---
1.--.--*0--00-0-0--
1---00*--01--0-0-0-
--01*0------10--0-0
-0*010-0---1.0---0-
-0*1---1--0---000--
-010--0--0-0--**0--
0---0----1----000--
-0-0----0--0---0---
0-----0----00-0---0
-----0-0--011----0-

*** Life<Cell> 49x41 ***

Generation = 0, Population = 60.
---------0--------------------0---------0
-------------0----------------------0----
-0---------------------------------------
--------------------------0------0-------
-----------------------------------0-----
----------------------------------0------
-----------------------------------------
0------------------------------0---------
-----------------------------------------
--------0--------------------------------
---------0---------------0---------------
---------------0-------------------------
----------------0------------0----------0
-0-------------------------------0-------
------------0---------------------0-0----
----------------0------------------------
----------------------0------------------
-----------------------------------------
------------0----------------------------
----------------------------------0-0----
---0------------------------------------0
-----------------------------------------
----0------------------------------------
------------0-----------------00--0------
------------------0----------------------
----------------------0------------------
-------------------------------0---------
----------------------------------0------
-----------0-------------0---------------
-----------------------------------------
--------------------------0--------------
-----0--------------------0--------------
-----------------------------------------
-----------------------------0-----------
-----------------------------------------
--0--------------------------------------
---------------------------------0-------
-----------0-----------------------------
---------0-------------------------------
-----------------------------------------
--0--0--------------------------------0--
-----------------------------------------
-----------------------------------------
-------------------0---------------------
-------0---------------------------------
---------------0------0----------0-------
------------------------------------0----
------------------0----------------------
-----------------------------------------

Generation = 1, Population = 213.
--------0-0--0---------------0-0----0--0-
-0-------0--0-0---------------0----0-0--0
0-0----------0------------0------0--0----
-0-----------------------0-0----0-00-----
--------------------------0------0--0----
---------------------------------0-------
0------------------------------0--0------
-0----------------------------0-0--------
0-------0----------------------0---------
-------0-----------------0---------------
----------0----0--------0-0--------------
---------0----0----------0---0----------0
-0---------------0----------0-0--0-----0-
0-0---------0---0------------0--0---0---0
-0---------0-0--0--------------------0---
------------0--0-0----0-----------0-0----
----------------0----0-0-----------------
------------0---------0------------------
-----------0-0--------------------0-0----
---0--------0--------------------0---0--0
--0-0-----------------------------0-0--0-
---00-----------------------------------0
---0-0------0-----------------00--0------
----0------0-0----0----------01100-0-----
------------0----0-0--0-------00--0------
------------------0--0-0-------0---------
----------------------0-------0-0-0------
-----------0-------------0-----0-0-0-----
----------0-0-----------0-0-------0------
-----------0-------------00--------------
-----0-------------------010-------------
----0-0------------------010-------------
-----0--------------------0--0-----------
----------------------------0-0----------
--0--------------------------0-----------
-0-0-----------------------------0-------
--0--------0--------------------0-0------
---------00-0--------------------0-------
--------0-00-----------------------------
--0--0---0----------------------------0--
-0-00-0------------------------------0-0-
--0--0--------------------------------0--
-------------------0---------------------
-------0----------0-0--------------------
------0-0------0---0--0----------0-------
-------0------0-0----0-0--------0-0-0----
---------------0--0---0----------0-0-0---
-----------------0-0----------------0----
------------------0----------------------

Generation = 2, Population = 225.
-0-----0-0-0----------------0-0-0-----0--
-----------0---0----------0------00---0--
---0-----0--------------------0----0----0
-------------0----------0---0--0--110----
-0-------------------------------1---0---
0-------------------------0----001--0----
-----------------------------------0-----
0-0-----0--------------------0---00------
---------0---------------0---------------
0-----0---0----0---------------0---------
-------0---0----0------0---0-0----------0
-0------0----0---0---------------0-------
---------0--0-0---0------0-0---0--0-0-0-0
---0-----------01--------------0---0-----
----------0---0-1-----0------0--0-0-0-0-0
-0------------0---0--------------0-------
--------------------0---0---------0-0----
----------------0-----------------0-0----
---0------0---0-------0-----------------0
--------------------------------0-0-0-0--
-0--10------0-------------------------0-0
------------0-----------------00----0----
--01--0-----------0---------------------0
----------0---0-------0-----01---1--0----
----0-----------0---0----------1---------
------------0-------0---0-----01---------
-----------0------0------0---0---0-------
----------------------0---------0---0----
---------0---0---------0--10---0---------
-----0--------------------1-------0------
-----------0------------01--0------------
---0---0----------------0---00-----------
--------------------------1--------------
--0--0--------------------00---0---------
---------------------------------0-------
0---0------0-----------------0-----------
---------0---------------------0---0-----
--0------1---0---------------------------
--0--0-0---1---------------------0----0--
-----------0-----------------------------
0--11--0-0--------------------------0---0
-------------------0---------------------
--0--0-0------------------------------0--
---------------0-0---00----------0-------
-----0---0--------------------------0----
-------------0---0000---0------0---0-----
-------0--------------------------0---0--
---------------00---0-0----------0-------
------------------------------------0----

Generation = 3, Population = 608.
0-0---0----10--0----------00------0--010-
-0-0---0--010-0-0--------0-00----11--0100
--0-0---0-00-0-0--------0-0-00---001--00-
-0-0-----0--0-0--------0-0-0-0--0-**1---0
--0----------0----------0-0-0----*-00-0--
-------------------------0-0--01--0------
--0-----0-----------------0--0-00--------
---0---0-----------------0--0-0-011------
--0---0--------0--------0-0--0-0-00------
-0---0--------0--------0-0-0-00-0-------0
00----------00--------0-0-0---00-0-----0-
0-0--------0-----------0-0---0-00---0-0--
-0-0------00-0--0--0----0---0-010--0-----
--0-0----00-0-01-00---0--0-0-001--0-0----
-0-0-----0-0-010*00--0-0----0-0--0-0-----
0-0-------0--01000-00-0-0----0----0---0-0
-0------------0-0-00-0-0-0--------1-10---
---0------0---00-0--0-0-0--------01-10--0
--0-0----0-0-0-00----0-0--------0-----00-
-0-000----0-0-0-------0--------0------10-
0-00*10----010----------------000-0--01--
-000000----010----0----------0110--0-00--
-01*00-0--0-0-0--0-0--0-----0000-0-----0-
--000-0--0-0-0-00-0-00-0---01*110-00-0--0
---0-0----0-0-00-0-0100-0---00-*00--0----
----0--------0--0-0010-0------1-00-------
----------0------0-00-0---0-0--0--0-0----
---------0-0-0----0--0---000-0-----0-0---
-----0--0-0-0-0---------00-10-0---0-0----
----0-0--0-0-0---------00-*-0--0-0-0-----
---0-0-0--0-0----------0-*-01-----0------
--0-0-0-0--0-----------01-10-10----------
--00-0-0----------------00*-00-0---------
-0-00-0------------------0-10-0-00-------
0-0-00-----0--------------00-0-00-0------
-0-0-0---00-0---------------0-00-0-0-----
0-0-0---0100-0---------------00-0-0-0----
-010-0-00*000-0----------------0-0-0--0--
-0100---000*00------------------0-0--0-0-
0-0000---0010--------------------0--0-0-0
-00**00---00-------0---------------0-0-0-
0-0000---0--------0-0---------------0-0-0
-0-00---0------0-0-0-00----------0---0-0-
--0----0-0----0---0-0110--------0-0-0-0--
----0-0-0-0--0-0--00000-0------0-0---0---
-----0-0-0--0-0-01--10-0-0----0-0-----0--
------0-0----0-00000--0-0------0-----0-0-
-------0------0110-0---0--------0---0-0--
---------------00---0-0----------0-0-0---

Generation = 4, Population = 226.
-0---0-------0------------1-------100-*--
---------0---0---0--------------0-*-0---1
-0---0---0--------------------0---------0
0---------------------0------100--..-0---
---------0--------------------00-*-----00
--------0----0----------------1-----0-0--
-0-------0---------------0---------------
--0-0----------0----------00-----*-0-----
----------------0------------1-----0----0
-1--0-------0--------------------00------
-----0------11-------0-------0----0-0----
1----------1----0--0-----------1---------
------------0-------0-0--0-------0--0-0--
-0---0--0--------------------1-------0---
--------01--0---.--------0----1-0-----0-0
------------0--1----1-------------1-0----
---0------------1-1-------0--0-----------
-0-------------------------------1-------
----1---0---0---1-----------------0-0----
------------1---0--------------10-0---*-0
----.--0----------0---0-------------0-*--
----------------------0------------------
0--.----0---1------------------1---------
--------0-------1---------01-.*---110-0--
---1-------0--1-------1--0-----.--------0
------------------1-------0--------------
----0---------------------10-------0-----
-----0------0-------------1----0--0---0--
-------0-------0--0--0-------0-----------
----------------------0---.--0-----------
----------------------0--.----00---------
-01------0------------0-------1---0------
-----------0-------------1.------0-------
-----------0-------------1-------1-------
---------0----------------1--------------
0----10-------------------0--------------
--1--0-----------------------1-------00--
-------1-.-----0-------------0-----------
-----0-----.-1---------------------------
--1----------------0---------------------
01-..-10-0-----------------------00-----0
-----------0---0------0----------0-------
---------0--------------------------0----
---------------0--1----1-----------------
--00-0-----0--------------------------0--
-----------0------00------0--0-------0---
--------------------------------0-------0
--------------1---01--0------------------
-------0----------------------------0----

Generation = 5, Population = 636.
0-0-0-0--0--010--0-------0-0----00----.00
--------010-010-0-0-------0---00--*01010*
--0-0-0-010--0---0----0-------1-0-0-00-01
-----0---------------0-0----0*--00..1-00-
0---------0--0--------0-------1--.0-00-11
-0-----0-0--0-0----------0---0*--1-0----0
0---0-----0--0-0--------0--0--0--0-00-0--
-----0---0----0-----------1100--0.-10---0
-00---------0----0--------000-0----10--0-
0-00-------01---0----0----------01--0---0
00----0------*0-0--00-0-----0-00--1--0---
-0---0----0-00-0-00--00--0---00-000---0--
00---0--0----0--0------00-0--0-10-00-0-0-
0-0-0-001-----------0-0-----0---00----0-0
-0---0-0-*0010-0.---0---0-0------00-0----
---0----00-0101---00-0---00--00-00---00-0
-00-0-------0------00----0-00-0--01-1----
0-000---0---0-----0-------0--0--0---1----
-0-0-0-0-0-010-0*0-------------00-1--00-0
----0--00--0*0-0100---0-------0*1-10-0.--
----.-0-0---1---00-0-010-------00-00--.00
0------00---1-----0--010-------1----0-0--
-0-.---010-0-0--0-----0---00----0-000-0--
0--0---010-00-00-0----0---1*1..--1*-1--00
--0-0---0-0-00-00-0--0-00-00--0.--000-00-
---00------0--0--0-0--0---1--------0----0
---0--------0-----0------0*10--0----0-0--
------00---0-0-0--0--0---0*--00-00---0-0-
-----00-0---0-0-00-00-----1-0100--0---0--
-------0-------0--0---10--.-01-0---------
-00------0-----------0-0-.-----10-0------
01*0----0-00---------010-0---1*----0-----
-00------0010---------0-0*.---0-01-------
---------0010-----------0*------0*0------
0----00-0-00--------------*0-----0-------
-00-0-10-0---------------010-0-------00--
00-001-0-------0----------0-0*0-----0110-
--1---0-0.---00-0-----------010------00--
--1-0-00---.0-00---0---------0-----------
0--0-000-0---0----0-0------------00-----0
1*-..0*1--00---0---0--0---------0-10---0-
00----00--0-0-0-0----0-0--------01--0---0
--------0-00------0---00---------0-0-0---
--00-0---0-0--0-00-0--1-0-----------0-0--
-011--0---010--0---0---0--0--0---------0-
--00-0----010----1111----0-00-0-0---0---0
-----------0--0-------0---0--0-0-0---0-0-
-------0-----0-1-01*00-0--------0---0---0
------0-0-----0---00--0------------0-0---

*** Life<Cell> 52x29 ***

Generation = 0, Population = 88.
--------------------------0--
0--------0-----------0-------
-----------------------------
------0---------------0------
--0--0------------------0----
----------------0------------
--------0--------------------
--------------0--------------
----0------------------------
0----------------------------
-----0-----------------------
-----------------------------
-----------------------------
-----0----0-----------------0
-----0-----0--------0--------
-----0-----------------0-----
-----------------------------
-----------------------------
----0-------0------0-0-------
---0-------------------------
---0-------------------------
-------0-0--------0--0-------
0----0--------------------0--
-----------------------------
-------------------------0---
-0-----0-00------------------
-0---------------------------
-----0-----0----00-----------
------00---------------------
--------0--------------0-----
-0--0------------------------
-------0------------0--------
-0----------0-0-----0--------
----------------------0------
----0-0-----------0-----0----
-----0------------------0-0--
-----------------------------
-----------------------------
---------0--------------0----
-----------------------------
-----------------------------
-------------0---------------
---0--0----0---00----------0-
0----------------------------
-0------------------0--------
-----------------------------
-------------0-----------0---
--------0-0------------------
-----------------------------
-0-------------------0-------
--------0-----0--------------
--0-0------------------------

Generation = 1, Population = 296.
0--------0-----------0---0-0-
-0------0-0---------0-0---0--
0-----0--0-----------00------
--0----0-------------0-00----
-0-00-----------0-----00-0---
--0--0--0------0-0------0----
-------0-0----0-0------------
----0---0----0-0-------------
0--0-0--------0--------------
-0--00-----------------------
0---0-0----------------------
-----0-----------------------
-----0----0-----------------0
----010--0----------0------0-
----0-0-----0------0-0-0----0
----010----0--------0-0-0----
-----0-----------------0-----
----0-------0------0-0-------
-----0-----0-0----0---0------
--01--------0------0-0-------
--010--0-0--------0--0-------
0--0-00---0------0-00-0---0--
-0--0-00-0--------0--0---0-0-
0----0-------------------00--
-0-----0-00-------------0-0--
010---0--110-------------0---
010--0-0-000----00-----------
-0--0--0--0-0--0110----------
------11---0----00-----0-----
-0--0-0--0------------0-0----
0-00-0-00-----------0--0-----
----0-0-0---0-0----010-------
0-0----0---0---0---0100------
-0--0-0-----0-0---0-00-00----
---0-0-0---------0-0--00100--
------------------0----01--0-
-----0------------------0-0--
---------0--------------0----
--------0-0------------0-0---
---------0--------------0----
-------------0---------------
---0--0----00-000----------0-
0-0-00-0--0-000110--------0-0
---0--0----0---00---0------0-
--0----------------0-0-------
-0-----------0------0----0---
--------0-0-0-0---------0-0--
-------0---0-0-----------0---
-0------0-0----------0-------
0-0-----0-----0-----0-0------
-00-0--0-0---0-0-----0-------
-0---0--0-----0--------------

Generation = 2, Population = 286.
------------------------0-0-0
0-0---00---0-------0--10-----
--0--0------------------0-0--
0---0---00------0---01--1----
0--11--00-------------1---0--
------0-----------0---0------
--0-000---0-------------0----
0-----------0----------------
--0--10-0--------------------
0-0-----------0--------------
---01--0---------------------
0----1----0-----------------0
-----------0--------0--------
---0-*-00---0----------0--0-0
---0---0-0---0----0---0------
---0-*-0--0----------0---0--0
----01-----00------000-------
---0-0-----------------0-----
--00--0---0---0--0-0-0-0-----
-0---0-0-0--------0--1-------
00--1-------0------0-1----0--
---1-1-0-0-0----0--11--0-----
0-0----1----------------01--0
-0--------0-------0--0-------
01---0-----------------0--10-
---0---00*--0---00-----------
---0--01-----------------0---
-1-0----0-1--001--10---0-----
-----0--00-------------------
-----010--00----00--00---0---
-011---1----0-0-----1--------
-----0--10--------0----0-----
-0-0--0---0-0-0-0-----1-0----
-----0-0------------------0--
-00-0-0-0---0-0-0-----1---1--
---0---0----------------*-0-0
----0-0--0--------0----------
-----0------------------1-0--
-------0---0----------0---0--
-------------0---------------
---0--0--0-0---00-------0--0-
0----------1---1-------------
----11--00----1--10-0----0---
0-0----------0---------------
------0----0-0-00-0---0--0-0-
0-------0-0------------------
-0---------0---0----0--0---0-
-0----0-0-0-0--------0-------
--------1----00----------0---
--100---1-0--------0---0-----
------0---0-0---0------------
01----0--------------0-------

Generation = 3, Population = 647.
0-0---00---0-------0--0------
--10--110-0-0-----0-00*10---0
-010---000-0----0--0000-1--0-
100-1----10----0-0-01*-0*0---
100*-0-1--------0-0-0-*000-0-
0-00--1-0-0------0-0-0100-0--
00--1--0-0-00-----0---00-0---
-0--0---0-00-0----------0----
-0100*1--0--0-0--------------
--1-00000----0-0-------------
---1*-0-0-0---0-------------0
-0-0--00-0----------0------0-
0--0---00----------0-0-0--0--
--01-.--1---------0-0---00---
--0-0-0-0-----0--0-0-----00--
--010*-10---00----00-1--0-00-
---01*00---110----01--00-0--0
---101----000-0--0--0-010----
--1-00-----0-0-00-0--1-10----
-1-1--0-----0-0----00-00--0--
1-0--0-------0--0--10*00-0-0-
-0--0--1-------0-00-*-0--00-0
-0---00*0000----0-0000--1*00-
01---0-0-0-0-----0-00-0000000
1-000-00000-0---000--00-00*10
010100---.10-0-0110----0-000-
-10-001-000-00000000---00-0--
0--1000-10-001-*11*10-0-00---
-0-001---100-000000000-0-0---
-0000-----11--001100-10-0-0--
01-*0--*-00----00000*--0-0---
--0-0---*1------00-01--------
0---00--0--------00--0-0-00--
--00------0-------------0010-
0110-0---0-0-----0---0-010-00
-0--0-0--0--0-0-0-0---00.-1--
-----0--0-0------0-0--------0
-------0-0-0------0---00--10-
-----00-0-0-00-------0-00010-
---0--00-0--0-000-----0-0-00-
0-0-00-00--1000-10-----0-00-0
-0-0000-0-0*0--*-00-0---00-0-
--00**001100----1*1--0--0-0--
---0000-00-001-000--0-0----0-
--0--0-00----1-11--0-0-00---0
------00---0-0--0-0-0-00-0---
-10---0---0---0-0--0--0-0-0-0
010--0--1--0--00------00-0-0-
-0000-00-0---110---0-0-00-0--
-0*-1000*-10000-0-0-0-0-00---
00000010001--0-0-0-0-0-0-----
1*0--010--0-0---0---0-0------

Generation = 4, Population = 295.
--1--0----------------1-0---0
0-*-00---0---0--00---1.--0---
--------1-----------------0--
--1-------1---0---0--.--.-0--
*1-.1-0--0----------1-.---0-0
---------0--0-------01-------
----*0------1----------------
------0---1-------0---0------
0-*--.--0---------------0----
--*-11----0-----0-----------0
-0--.0--10-0--------0--------
-----1--------0--------0-----
----0------------------------
00---.0--0----0---------1-0--
-0--10-0-0--0--00--1-0--0----
-0-*-.---0---------1-------1-
---1-.-----------------------
-----*-0-01-------0--0------0
-----------1---110--0--*-00--
-----0-0---------------1-----
-------0-------------.---1---
-1-1-1-*-000-00--1--.-1--1---
--0----.-1--0------1-10--.--0
---0-1-----1----01-----------
---1--11-1-----------1----.--
-*-*--00-.*1-10---1--0-1-----
0---1----1----------------1--
-1-------1--1*-.--.--0-------
-101------110-1-----1----1---
-1--1--0-0*-0------1--1----0-
1--.100.0---------1-.---0----
---0----.--------1--------0--
-0---1001-0-------1-----0----
--------0---------0----0--*--
1**-0---010---0-----0-1-*---1
-1-----0-1------------1-.----
-0----------0-0-----0--------
-------------0--------1------
---001-----0-1-00-0-0---1--10
0----0------------------1-1--
-0------------------0--------
---------0-.---*-1-----------
--1-..---*1100-1-.-00--010-0-
--0-1---1-0------------------
-0---1----------*-------1----
-0-----------1-------0-------
---0--1-00-0--1010---0-----0-
1-1---0-----0-1--------------
-1------------------0--------
-1.-*1--.--------0-------1---
----1---1-*-010---0------0---
-.----*---1----------0-------

Generation = 5, Population = 648.
00*0-10--0---0--00---------0-
--.-1-1---0-0-00110-0-.-----0
0---00-0--0--00-000--0----10-
1--01-0-0--0-0-0-0-01.--.0-00
.*-.---101--0-0---00*-.--01--
00---01-010010-----0-*1---0-0
---0.1---000*0----0-000------
0-0-0--000-00----0-0-0-00----
--.00*10-0------0-0---00-0--0
0-*-*-0--------0-0--0---0--0-
0---.-00*10-0-0-0--0-0-0----0
-0---*0-00-0-0-0----0-0-0----
00-0--0--0-------------00-0--
1-0--.--110-00--0--0-0-0*--0-
--0-*10---00-0-1100*--001000-
01-*-.-1010-0--00-0*01--0-0-0
-00*1.-0--0-------01-0-----00
---10.---1*----00--0--01-000-
---------0--0-0*-1-0--0.-1100
----0--10--0---000--0-0*0-0--
-0-1--0-0000-00--0---.000*0--
0-0----.---101100-01.-*00*0-0
---0---.0*-0--0-0-0--*-0-.-0-
---1---0--0----01*00--0-----0
-10-0--------00-000-0*00--.--
-.-*-0--0***-*10-1-001--0-0--
-1---0110*-00-0---0----0-0-0-
-*-10---1*---*-.--.---0--00--
0*-*---1-1--10-0------0-0-00-
-*--*---01*1100------1-0000-0
---*--1*--0-0-------.-00-000-
000----0*-0-----0-0------0-0-
0-000*-----0------*0-----0---
0-0-000-------0--0100---00.00
***--0---*10-0-0--00--*0.010-
----0-0-0*--0--------0*0.---0
010----0-0-0-0-0---0-0-------
-0-000-----0-1-00-0--0-01--00
0-01--0---0--*-11----000*0-*1
---0-10----0-0-00-0----0*---0
--0--0---0-----0-0-0-0--0-0--
-00-----01-*000.--00---000-0-
-0*0..---.*--1-*1.111001-1--0
--1----0-01-01-00--00--0-0-0-
01----0-0-0--1-1.0---0-0-0---
0100-00-00-00--0-0--010-0--0-
01--00*-11-------10-010---0-0
-1---01010----*-00--00-----0-
-*--000-----0-1--0-0-0---0---
0*.0**0-.-1-000-0---0---0*0--
-0-0*-10--.-1-10---0-0--010--
-.--00.000*0000---0-0-0--0---

