*** Life<ConwayCell> 33x36 ***

Generation = 0, Population = 78.
..........................*.........
..............*.....................
........**.....*....................
.....*..............*...............
..*.......*.............*.........*.
....*...............................
..............*..............*...*..
..............*.........*........*.*
...............*....................
.*.............*..............*.....
.....*........*....*.............*..
....................................
.............*..........*...........
.....*..............................
.....................*.*............
..*.............................*...
.....*..............................
......................*...*.........
.....*............*.................
...*...........................*....
...**..*...*...............*....*.*.
..*......*......*.*.................
.................................*.*
*........................*......*...
.............*.............*........
..*....................*.........*..
..............*...*.................
......*.........*...*...............
...................*................
....*.....................*.*....*..
........*.......*..*....*...........
....................................
..........................*.*.......

Generation = 1, Population = 17.
....................................
....................................
....................................
.........*..........................
....................................
....................................
..................................*.
..............**..................*.
..............**....................
..............**....................
....................................
....................................
....................................
....................................
....................................
....................................
....................................
....................................
....................................
...*................................
..***...............................
...*.............................**.
....................................
....................................
....................................
....................................
....................................
...................*................
....................................
....................................
....................................
....................................
....................................

Generation = 2, Population = 14.
....................................
....................................
....................................
....................................
....................................
....................................
....................................
..............**....................
.............*..*...................
..............**....................
....................................
....................................
....................................
....................................
....................................
....................................
....................................
....................................
....................................
..***...............................
..*.*...............................
..***...............................
....................................
....................................
....................................
....................................
....................................
....................................
....................................
....................................
....................................
....................................
....................................

Generation = 3, Population = 14.
....................................
....................................
....................................
....................................
....................................
....................................
....................................
..............**....................
.............*..*...................
..............**....................
....................................
....................................
....................................
....................................
....................................
....................................
....................................
....................................
...*................................
..*.*...............................
.*...*..............................
..*.*...............................
...*................................
....................................
....................................
....................................
....................................
....................................
....................................
....................................
....................................
....................................
....................................

Generation = 4, Population = 18.
....................................
....................................
....................................
....................................
....................................
....................................
....................................
..............**....................
.............*..*...................
..............**....................
....................................
....................................
....................................
....................................
....................................
....................................
....................................
....................................
...*................................
..***...............................
.**.**..............................
..***...............................
...*................................
....................................
....................................
....................................
....................................
....................................
....................................
....................................
....................................
....................................
....................................

Generation = 5, Population = 18.
....................................
....................................
....................................
....................................
....................................
....................................
....................................
..............**....................
.............*..*...................
..............**....................
....................................
....................................
....................................
....................................
....................................
....................................
....................................
....................................
..***...............................
.*...*..............................
.*...*..............................
.*...*..............................
..***...............................
....................................
....................................
....................................
....................................
....................................
....................................
....................................
....................................
....................................
....................................

*** Life<ConwayCell> 5x29 ***

Generation = 0, Population = 67.
.*****.*.**..*.*..*...*..*...
.**....*.*.......**.**...***.
***.**.*..*...***........*.*.
.*.**.*.*..*.*.**.*...**...*.
.***.**..********..**...*..**

Generation = 1, Population = 55.
.*.**.*..**......***.*...*...
.......*.*.......***.*..**.*.
*...**.*.**...*...**.**.**.**
........*..........*...**..*.
.*.*.***.***.*..**.*...*...**

Generation = 2, Population = 37.
........***......*.*....***..
...*...*.............*.*...**
......**.**......*...**....**
...........*.....*.*.....*...
......*****.......*....**..**

Generation = 3, Population = 38.
........**..............****.
......**..........*.**.***..*
......***.*.......*.***...***
...........*.....*....***.*..
.......****.......*.....*....

Generation = 4, Population = 29.
.......**..............*..**.
......*.............*..*....*
......*.*........**.*.....*.*
......*....*.....***..*.*.*..
........***.............**...

Generation = 5, Population = 28.
.......*...................*.
......*.*..........*......*.*
.....**..........*..**.*.*...
........*.*......*.*...**.**.
.........**.......*....***...

*** Life<ConwayCell> 20x24 ***

Generation = 0, Population = 23.
........................
...*..*.................
..*........*............
........................
.*..*......*............
.....*........*.........
........................
........*...............
........................
.........*..........*...
.*..........*....*......
........................
........*...............
.**.....................
........................
..*.*...................
............*.....*.....
........................
........................
................*.......

Generation = 1, Population = 3.
........................
........................
........................
........................
........................
........................
........................
........................
........................
........................
........................
........................
........................
........................
.***....................
........................
........................
........................
........................
........................

Generation = 2, Population = 3.
........................
........................
........................
........................
........................
........................
........................
........................
........................
........................
........................
........................
........................
..*.....................
..*.....................
..*.....................
........................
........................
........................
........................

Generation = 3, Population = 3.
........................
........................
........................
........................
........................
........................
........................
........................
........................
........................
........................
........................
........................
........................
.***....................
........................
........................
........................
........................
........................

Generation = 4, Population = 3.
........................
........................
........................
........................
........................
........................
........................
........................
........................
........................
........................
........................
........................
..*.....................
..*.....................
..*.....................
........................
........................
........................
........................

Generation = 5, Population = 3.
........................
........................
........................
........................
........................
........................
........................
........................
........................
........................
........................
........................
........................
........................
.***....................
........................
........................
........................
........................
........................

*** Life<ConwayCell> 4x26 ***

Generation = 0, Population = 45.
.*.**.*...******....*..*.*
....**.***..*..**..**.*...
.**...*.*...*.**.*...*.**.
*..**....*.....****.*....*

Generation = 1, Population = 41.
...**.***********..***....
.*..*...***........**.*...
.**...*......**......****.
.***..........**.**.....*.

Generation = 2, Population = 33.
...***.*...*****...*.*....
.*..*.*............*......
*........*...***..*****.*.
.*.*.........***......*.*.

Generation = 3, Population = 27.
...****.....***.....*.....
...**.*...............*...
***..........*.*..*****...
.............*.*...**.*...

Generation = 4, Population = 16.
...*..*......*............
.*....*.....*.........*...
.***..............*...**..
.*................*...*...

Generation = 5, Population = 12.
..........................
.*.*..................**..
**...................***..
.*....................**..

*** Life<ConwayCell> 27x34 ***

Generation = 0, Population = 87.
..*........................*......
................*........*......*.
.*..............*.......*.........
....*..*...*......*..........*...*
...............................**.
.....**...........................
....*........*...........*...*....
..........................*.*.....
........*..........*........*.....
*.............*.*.................
...................**.............
...*..............**.......*..**..
.*.......................*........
................*.....*....*......
..................................
........................*..*......
**........*.**.......*.*...*......
.*...........*.*................*.
.*....*....*............*.........
....*....*.*....**.**.............
....*.............................
......*....................*......
.*......*.......*.*....*..........
...........*..*...................
....*.............*...............
.....*...*....*......**........*..
...........*......................

Generation = 1, Population = 37.
..................................
..................................
.................*................
................................*.
.....**.........................*.
.....*............................
.....*............................
...........................***....
...........................*......
...................**.............
..................***.............
..................***.............
..........................*.......
..................................
..................................
..................................
**..........***...................
.**........*.**...................
..........*.*...*.................
.....*....*.......................
.....*............................
..................................
..................................
.................*................
..................................
..................................
..................................

Generation = 2, Population = 30.
..................................
..................................
..................................
..................................
.....**...........................
....**............................
............................*.....
...........................**.....
...........................*......
..................*.*.............
.....................*............
..................*.*.............
...................*..............
..................................
..................................
.............*....................
***.........*.*...................
***........*..**..................
..........*.**....................
...........*......................
..................................
..................................
..................................
..................................
..................................
..................................
..................................

Generation = 3, Population = 36.
..................................
..................................
..................................
..................................
....***...........................
....***...........................
...........................**.....
...........................**.....
...........................**.....
..................................
....................**............
...................**.............
...................*..............
..................................
..................................
.*...........*....................
*.*.........*.**..................
*.*........*..**..................
.*........*.***...................
...........**.....................
..................................
..................................
..................................
..................................
..................................
..................................
..................................

Generation = 4, Population = 35.
..................................
..................................
..................................
.....*............................
....*.*...........................
....*.*...........................
.....*.....................**.....
..........................*..*....
...........................**.....
..................................
...................***............
...................*.*............
...................**.............
..................................
..................................
.*...........**...................
*.*.........*..*..................
*.*........*......................
.*........*...**..................
...........**.....................
..................................
..................................
..................................
..................................
..................................
..................................
..................................

Generation = 5, Population = 36.
..................................
..................................
..................................
.....*............................
....*.*...........................
....*.*...........................
.....*.....................**.....
..........................*..*....
...........................**.....
....................*.............
...................*.*............
..................*..*............
...................**.............
..................................
..................................
.*...........**...................
*.*.........***...................
*.*........*..**..................
.*........*.*.....................
...........*......................
..................................
..................................
..................................
..................................
..................................
..................................
..................................

