*** Life<FredkinCell> 33x36 ***

Generation = 0, Population = 78.
--------------------------0---------
--------------0---------------------
--------00-----0--------------------
-----0--------------0---------------
--0-------0-------------0---------0-
----0-------------------------------
--------------0--------------0---0--
--------------0---------0--------0-0
---------------0--------------------
-0-------------0--------------0-----
-----0--------0----0-------------0--
------------------------------------
-------------0----------0-----------
-----0------------------------------
---------------------0-0------------
--0-----------------------------0---
-----0------------------------------
----------------------0---0---------
-----0------------0-----------------
---0---------------------------0----
---00--0---0---------------0----0-0-
--0------0------0-0-----------------
---------------------------------0-0
0------------------------0------0---
-------------0-------------0--------
--0--------------------0---------0--
--------------0---0-----------------
------0---------0---0---------------
-------------------0----------------
----0---------------------0-0----0--
--------0-------0--0----0-----------
------------------------------------
--------------------------0-0-------

Generation = 1, Population = 256.
--------------0----------0-0--------
--------00---0------------0---------
-----0-0110-----0---0---------------
--0-0-0-000----0---0-0--0---------0-
-0-000---0-0--------0--0-0-------0-0
--00-0----0---0---------0----0---00-
----0--------010--------0---0-0-0100
-------------01--------0-0---0--01--
-0-------------10-------0-----0--0-0
0-0--0---------10--0---------0-0-0--
-0--0-0------0----0-0---------0-0-0-
-----0-------00----0----0--------0--
-----0------0-0--------0-0----------
----0-0------0-------0-00-----------
--0--0--------------0---0-------0---
-0-0-0---------------0-0-------0-0--
--0-0-0---------------0---0-----0---
------------------0--0-0-0-0--------
---00-0----------0-0--0---0----0----
--01-0-0---0------0--------0--0---0-
----100-000-0---0-0-------0-0------0
-0--0--00-00---0---0-------0----0000
0-0------0------0-0------0----------
-0-----------0----------0-00---0---0
0-0---------0-0--------0-00-0---00--
-0-0---------00---0---0-0--0----0-0-
--0---0------0-000-00--0---------0--
-----0-0------00-00--0--------------
----0-0---------0-0-------0-0----0--
---0-0--0-------0-------00---0--0-0-
----0--0-0-----0-00-0--0-00-0----0--
--------0-------0--0----0-0-0-------
-------------------------0---0------

Generation = 2, Population = 254.
--------00-----0--------0-0-0-------
-----0------0---0---0---------------
--0---01---0-0---0------0-0-------0-
---01--0------0---0---0-------------
0---1----1--0-00------0---0--0--01--
--1--10-------1-----0---1--------1-0
--0-------0-0--10-------1--0------11
-0--0-------0--00-----0---0---00-2--
-----0-------0---0-0---------0------
---0---------00--0------0---0---01-0
---0---0----01-000---0--0------0---0
-0---1---------0--------------0-----
-----1-----0--10---0-001--0------0--
--00---0------------------------0---
-----1-------0-----0-0-010----------
0---01----------------0---0---0---0-
---0-0-0----------0--0-0------------
--00----------------0-------0--00---
----10-----0----0---0------0----0-0-
-01--1---0------0-1---0---0--0---0--
-00--11------0----1------0---00-0001
---01--1---1--0-0-0-0----0-----01---
---00--0---0-0-----------------0000-
0-0------0------0-0--------1--0--00-
-----------0--10--0------1---0---1-0
----0-0---------0---00---------01--0
------------01-----11------0--------
--0-----0-----1-------00--0-0-------
--------0-----0-1010-0--0-----------
--0-------------1---0---1-0-0-00---0
------0---0---0--110-00-----1-------
----0---------------------1-1----0--
--------0-------0--0----------0-----

Generation = 3, Population = 545.
-----0-0110-0-0-----0--0-----0------
--0-0--000---------0-0------0-----0-
-0--0-1-1-0-0-------0-00---0-----0-0
0--1-0-100-00-1----0-0100----0--000-
-00-2-000-00--110-0-001000-00-001-00
0020-210-00--0200--0-0002000-0---201
--10000--0--10---0--0-0020--0-00-12-
0--0------001-1----0-0-000----11---0
-0-0--0------1-1-1--0-0-0-0----00--0
--0100-0-----11---00-0-010-0----12-1
-001000-0--01-0---0-0-0010--0----001
0-000200---000---0-0--000-0--0---0-0
-0000200--0-002-0-0--1-200-0--0---0-
-0110-0-0--0-000------0-000----0----
0-00-200----0-0---0---01-1----0-0-0-
-0--1200-----0----00-0-00--0-0-0-0-0
0--101--0--------0-0--0-0-0-0-000-0-
-01----0---0----0-001--0-----001-00-
-0--2-0--00-0--01000100------0--10-0
0--1----0-00-0-01-2000-0----01--0100
0-----2--0-00----0-00-0-01--0-10-1-2
-0-----20-0200----1--0--010--0--20-0
0----0010001--------0----0-0----11-0
----0--00-0--00---10-----00-0----1--
0-0-0-0--00-0021001000--0-000--0-201
---0---0---0000--00--10--0-0-0012-01
--0-0-0-0--012--0-02--00-------00--0
-0-0---010--0-20000-0-11-0-0-0------
-------010---01----10---10----00---0
-0-0--0-0-0----020-0-0002---1-110-0-
--0-00-0-0-0-0-0-2-101100--0-000-0-0
---0-00-0-0---0-000--00--0--200-0-0-
----0--0-0-----0-00-0-----0-00-0-0--

Generation = 4, Population = 259.
--0-----221----0------0-0-----0---0-
----1-----0---0---0-----------------
----10-----0100----0------0--0---1--
-0-------1----2-0----------------1-0
0-------------22----1-----0-1-1---1-
11------0-----31--------------0-----
-----1--010---11--00-----1---0-----1
-----0----1-------0---------00-2-2-1
--0-------00-2-----0--------------0-
-0--1------0-------1------0-------0-
-1-------00---10--1--0-----------1-2
--1-----------0---------1-------01-1
-----3---0-----0-0--0-------0-------
---------0-----1------1---1---0-----
--------------1--01------2-0-----0--
0--0--1---------------------0--1----
-0-21--0-0-0-0----------1--0----1-1-
--2--0---0------1-----0---0---1-----
-1-------1----0------110---------1-1
1-1----0-----------------0-0-------1
1--0-1--0--1-0-0-------0---01-21--0-
0-0--00-----110-----0--0--1------1--
-----1--------0--------------0-0-2-1
--001-0---------0---00------10-0----
---01--0-1-0-----1-1---0---1---10-1-
0-0-0-0--0------0-10------0101---0-2
--------1-0---0-1-13--1-0--------0-1
0-0-------0-1---1---1---01------0---
-------------1-0-------0--000-------
0-0-----1-------------113----02-10-0
----1---------01--1----1--0---------
------1---------1---0---------------
--------0-------0-----0-------0-0---

Generation = 5, Population = 534.
-0-00--03--0----0-0--0---0---0-0-0-0
--002---0-1-0-1--0----0-0-0--00--00-
-0-0-11--1-1--100---0----0-00-0-0200
--0-10--0-000--0-0-00-------000-020-
10------01---03----0-0---0----20----
-22--2-01-0--0420-000----00-0-10--01
00--0200---0-0--00-10---2-0--1-0-122
--0-010-0----010-010-----0-01-----02
---000---0----0----10-----0-00-0--1-
01-1-0---0010111---200---0-0------1-
02--0---011--1-100--0-0-1-0------203
---0-2----0--010-00-00-0-0--0--01--2
--0-0-0-010----1--00-10-0-00-00-00-0
-----0--010----20-0-00-0----00-0-0--
0--0--0--0---0--0120--0-1-0---000-0-
--01-2---0-0-00--00-----00-0-00--00-
--0-2----1----0-0-----00-0----0----0
-0----000-00-000-0----1-00---0-10000
--0--0-0020--0-01---12210000--0-1--2
20---10--0-0-000-----00-0--1--00-1-2
-00--2---00-010-0---0-0101--2-320---
1---11120---22-----0-00101--000-22-0
0--0-20-----0-100----0-0--0--1-1-3--
-011-0---0-0--00----1100----2----100
0-0-200--2--0---0-12-00-0--20-0-12--
---01----1-0--0010-10-000012-201-103
----0-00-01012-------0--1-0000---1-2
---0----101---2-200--01--2-00--0---0
--------1-0---------0--11-1-1-0--0-0
---00--0-0---00---0--02-40-0-13-21--
0-00-00-0----012-2-10--2-0-0-00-00-0
----00-00-----0-2000-000--1---0-0---
------00-0-----010--00-0-----0---0--

*** Life<FredkinCell> 5x29 ***

Generation = 0, Population = 67.
-00000-0-00--0-0--0---0--0---
-00----0-0-------00-00---000-
000-00-0--0---000--------0-0-
-0-00-0-0--0-0-00-0---00---0-
-000-00--00000000--00---0--00

Generation = 1, Population = 73.
0-1--1-1--100---0-100--001-0-
-11---0--10--00--1--11--01--0
1--0-101------11----0000010-0
------10--0101-11---0011-00--
0---01-0-1-1-1-1-0-1100--00-1

Generation = 2, Population = 71.
-0200-0-0---1-00-02---011----
02---01002---1------2--012--1
-----2--00-000---0-01-111---1
---000-10-12--022---1---0110-
-0-01201--0202-20--221--0----

Generation = 3, Population = 81.
----11111--0-011-1300012----0
1--0--2---0002-0--0-3101-3002
10-0---11-0----1---12-22210-2
-00-111--0-30113---0--1-1--1-
0---23---1-3-30--00332001-00-

Generation = 4, Population = 74.
0---2-2-20-11----24-112-110-1
2-11--30-2-1--0-0-1-42-21-1-3
--01-2022010----0----03332--3
0-10-22--11--22-20--1-----12-
--00----02-40---01-4--1---1-1

Generation = 5, Population = 69.
102---313---201--3---232----2
3-----4---0--2--112--3--2-2--
-012---3--2-00-1--0-2--4430-4
--21----02-3-33-3-0----11--30
00--23011-051-02-----2-0-020-

*** Life<FredkinCell> 20x24 ***

Generation = 0, Population = 23.
------------------------
---0--0-----------------
--0--------0------------
------------------------
-0--0------0------------
-----0--------0---------
------------------------
--------0---------------
------------------------
---------0----------0---
-0----------0----0------
------------------------
--------0---------------
-00---------------------
------------------------
--0-0-------------------
------------0-----0-----
------------------------
------------------------
----------------0-------

Generation = 1, Population = 77.
---0--0-----------------
----00-0---0------------
-0----0---0-0-----------
-00-0-------------------
0-00------0-0-0---------
-0----0----0-0-0--------
-----0--0-----0---------
-------0-0--------------
--------00----------0---
-0------0-0-0----0-0-0--
0-0------0-0-0--0-0-0---
-0------0---0----0------
-00----0-0--------------
0110----0---------------
-0--0-------------------
-0---0------0-----0-----
--0-0------0-0---0-0----
------------0-----0-----
----------------0-------
---------------0-0------

Generation = 2, Population = 79.
--0--------0------------
-0--11--0---------------
01-------0-0-0----------
---0-00-------0---------
---1--0--0-0-0----------
---0---00---0---0-------
-0--0------0------------
-----00--10---0-----0---
-0----------0----0------
-------01--0------0---0-
---0----0-0---00---0----
-10------0----------0---
-1----0---0-0----0------
1-21--------------------
--------0---0-----0-----
01--0-0-----------------
----------0---0-0---0---
--0-0-----------0-------
------------0-----0-----
--------------0-0-0-----

Generation = 3, Population = 174.
---000--0-0-0-----------
-1-02200-----0----------
1-000-0-----------------
0001-1-0-----0-0--------
--0-0-1-----0---0-------
-001---11--0---0-0------
0-0---0000----0-0---0---
-----110021-00-0-0-0-0--
0-0--000000--00-0---0-0-
-0-0--01-0----00-----0-0
-0--0---10---0110-----0-
0-1---0---0-0-00-0---0--
-200-0-0-----0--0-0-0---
-1320-0-0-0------00-----
-0000-00-0-0-0---0-0----
1200---00-0-0-0-0-0-0---
000---0--0-0-0--10-0-0--
-0---0----0-0-00100-0---
--0-0------0-00--010----
------------00----10----

Generation = 4, Population = 76.
-00-1-------------------
--01-311--0---0---------
2-----10-------0--------
--------0---------------
00---0-00------0--------
-1-2--0---0-------0-0---
-01--------00----0------
----0-------1-----------
-0--0---1--0------------
-10----------01-0-------
-1---0--2----1--1----0--
--2-0---0---------------
----0-------------1-----
12---01--0----------0---
-1----------0----1------
------0-1-------1-------
--------------0-2-----0-
-10-------------2-------
------------------------
--0-0-------1-------0---

Generation = 5, Population = 176.
01-0--00--0---0---------
0--2242-00-0-0----------
-100------0-----0-------
-0---10010--------------
1-010-11-00---0-0-0-0---
--0-0---10--0--0-----0--
0-2-0-0----1-0--0---0---
--0011--0--020---0------
01-010-0-00--00-0-------
021000-----00-2-10---0--
020---0030--02-120--0-0-
----1--010---0--0-0--0--
02001-0-00-------0-00---
2-3--1200-0-0----000-0--
-20--0--00-0-0----0-0---
-2---0---0--0-002-----0-
-00---0-0----0---0---0-0
0210----------0030----0-
-0--0-------0---0---0---
-0---0-----0-0-----0-0--

*** Life<FredkinCell> 4x26 ***

Generation = 0, Population = 45.
-0-00-0---000000----0--0-0
----00-000--0--00--00-0---
-00---0-0---0-00-0---0-00-
0--00----0-----0000-0----0

Generation = 1, Population = 46.
0--1-0--0-1-1-------10----
--0--1-111----011-01-0-000
-11----010-01-11-1-00-011-
---1100---0-0----11----0--

Generation = 2, Population = 53.
-0---10-10---0000-0-2-0000
0-1-02-----0-0-2201--10-11
02--0---2-01----02--101---
-0-2--1-0--010000-2-0--1--

Generation = 3, Population = 42.
------1-21101--1-01--0--1-
1--------1-1-10--1-10-10--
----1-003-12--111-00-1--10
-1---0--10-------1--1---0-

Generation = 4, Population = 40.
0----1--32-12-----2------0
-0--0--112--02-2-2--1-2111
02-0-01---2-1---2-1------1
0-0------1-0--00-------11-

Generation = 5, Population = 50.
------1----2---1---02-00-1
111--2-22---13--2-11--3--2
--1-112-30-22-11-2-01-1-12
11---01-1-0--011--2---022-

*** Life<FredkinCell> 27x34 ***

Generation = 0, Population = 87.
--0------------------------0------
----------------0--------0------0-
-0--------------0-------0---------
----0--0---0------0----------0---0
-------------------------------00-
-----00---------------------------
----0--------0-----------0---0----
--------------------------0-0-----
--------0----------0--------0-----
0-------------0-0-----------------
-------------------00-------------
---0--------------00-------0--00--
-0-----------------------0--------
----------------0-----0----0------
----------------------------------
------------------------0--0------
00--------0-00-------0-0---0------
-0-----------0-0----------------0-
-0----0----0------------0---------
----0----0-0----00-00-------------
----0-----------------------------
------0--------------------0------
-0------0-------0-0----0----------
-----------0--0-------------------
----0-------------0---------------
-----0---0----0------00--------0--
-----------0----------------------

Generation = 1, Population = 270.
-0-0------------0--------00-0---0-
-00------------010--------00---0-0
0-0-0--0---0---0100----0-----0--00
-0-0-00-0-0-0---00-0----0---0-00--
----0000---0------0----------0011-
-----110-----0-----------0---0-00-
---0--0-----0-0---------0-----0---
----0---0----0-----0--------1-----
0------0-0----0-0-0-0-----0010----
-0------0----0---0--0-------0-----
0--0----------0-0---10-----0--00--
-00-0------------01------00-00110-
0-00------------0-00--0-0-0---00--
-0-------------0-0---0-0-00-0-----
----------------0-----0-0---------
00--------0-00-------0---0010-----
1-0------0--1-00----0-----010---0-
--0---0---00-1--0----0-00--0---0-0
010-00-0-00100-000-00--0-0------0-
-0-0100-0--10--011-110--0---------
---0100--0-0----00-00------0------
-0--00-00-------0-0----0--0-0-----
0-0---00-0-0--00---0--0-0--0------
-0--0---0-0-00-00------0----------
---0-----0-0-----0-0-00--------0--
------0-0-00-0-0--0-0110------0-0-
-----0---00-0-0------00--------0--

Generation = 2, Population = 252.
010-0-----------1-------01-0-0----
----0--0---0--0--------0---1-00--1
--10----------0---1---0---00---01-
--0----------0------0----0-0----00
-0--1--------0--0-------00----1--0
---0----0--0------0-------0-01---0
--0---1-0--0---0---0---0----0---0-
0----00-------0-0-------0-0-2-0---
----0-0---0--0---0-010---01--10---
0-00--------0-0-0--0------001-00--
-0------0--------000-10--0--0-----
01---0--------0-01--000--1-01---10
---1---------------10--0---0------
---0----------0----00----1---000--
0---------0-00-------0-0-0-0------
-1-----------1-00--------112-0--0-
2010--0-0-0-2-11---0-0-00----0----
---00----0---2-01--00---1--1--0---
12-0----011-1--------001--00------
-10----0-0-2--0--2-2-10----0----0-
--0-----0--1----1-0----00---------
--------10----0-10-00----0---0----
---0--1---0---1-0---00---0--------
-----00-----110-1----00----0---0--
-00---0-0--1------0-0--0----------
---0--------0-0-0--01--10----0---0
----0----1-0-0----0---------------

Generation = 3, Population = 421.
1-1-10-0---0--00-0------12-1-1---0
00--100-0-0-00101-0------0----1---
-0-1---0---0--10-0-000----1100-1-0
--1-0-------01--0-00-00--1010-0---
0----0--0--00100-00-0--01--00--1--
-0----10100100-000-----00----2---1
00----2-10010-------0-0----0--00--
-00--1100-00---0----00---01-30100-
--0--010-0-0--0-0----10--12-121---
-011--0-0-00-0---0----0--0---0-10-
01-0-0-0-0--0---0---1--001-0-00000
1-000-0-0----0--1--0-1--02---0-121
000200----------000-1---0-01-00000
0-010-----0-0--0--0-----020-01-10-
---0-----0--1--00--0------010-000-
02-0--0-0---020-10-0---------100-0
31---0---0----220-010--1--0-01--0-
---1100-010-0-0-200-100020-20--0--
2-01----1-21--0000----12-0110-0-0-
------0--103-0-0--0----00--10--0-0
--10----10020--02--000-11--0-0--0-
--00--00-1-0-01-2101---0-10-0-0---
--0-0-200--00-----------0100-0-0--
-00001100-0-2---200-0-1--00-0-0-0-
011---1--00-00---0-01--1---0-0-0-0
-0----0-00-0-0---001-11-10--0-0-0-
-----0--0---0---00--0--00----0---0

Generation = 4, Population = 266.
21----0---------1------02-------0-
-----11-----1---2---00---1--00----
-11-00------00-----------0-211----
0--0---00--0--00------1--21-10-0-0
--0-----1----------0------------10
010------11---0----------0------0-
11------21------00-010--00---0---0
---00--1---1-------0--0-0--0-1-110
-0--0-------0--0-------002-----0--
--2-001---1-0---0-0-0-1----0------
----0--------0-01------112---1----
-------0------00------0-1---1--2-2
1----1--0-0-00-----1---0---201----
10----------10010-1-0--0--1----21-
-0----0----0-------10---0---------
---10----0-0----210----0---20-1---
--1--10-01----3-1--2---2---1---0--
-0---11--2-0----31-0--1-----1---0-
--1--0-02-3----11-0-0--3----1-----
0----0-00--40-0-1---11-1---2------
-0--1---2-1-10----0--1-2---1------
-01--0---20--120-----001--------0-
----103-------1----00-0-1--1------
----1--1-010---031101-------------
1---0---0--1--0-------0-----------
-1----1---0--10--1---22--10----0-0
-0--0--01------01------1----------

Generation = 5, Population = 438.
321---10----0--020--00013---01-0-0
0-0----0---02--030-01100-20---1-0-
-2211--00----1-01---000-0-13-201-0
--1--001-00---110--0-0-00-21----01
--1-----2-00---0--0-0-0---0-00----
-2-0----1-21-0-000--00---10--2-011
---00---3--1--0011---1-0--00010001
0-01-11--00----00001---0-01--2----
0-----10--0-100---001-01132--211-0
----1-20-0--1--01------0--0-10-1--
--001-00--0---0--00-1-022300--00-0
1---000---0-001----0-1--2---201---
2---0-0-------0-0------1---3120-00
--0--00-0-0--1--1---1001-2--010320
-10000-0-001-000-002-0-0-0010-000-
-2-21----1-10-00--100-01--1-1-----
--------120--0---0-30--30-020-----
0-0-12--030-0-0-4201-0-0----20---0
2--10-0--1-11--220-01--40---20--0-
--0--1--1105-0-022-2----0-03------
-1-0-0--3022--0020-0--0-1-020---0-
0-2001---3-0--312-01--1--------0-0
-000-14----0--2000---010-10-0---0-
0--0----01--2-01---1-0--0--0------
---0101---020-1-0-001-11-00----0-0
-20--0---0--02----0-13--1210--0---
0100-0-1210--0-12----0--000----0-0

